<?xml version="1.0" encoding="UTF-8"?>
<!-- Generated by org.testng.reporters.JUnitXMLReporter -->
<testsuite hostname="Ritas-MacBook-Pro-2017.local" ignored="0" name="Test" tests="3" failures="0" timestamp="02 Jan 2018 08:14:27 GMT" time="63.084" errors="0">
  <testcase name="LoginTest" time="18.452" classname="Imgur_TestCases.Imgur_Login"/>
  <testcase name="Homepage" time="19.843" classname="Imgur_TestCases.HomePage_Gallery"/>
  <testcase name="PostPage" time="24.767" classname="Imgur_TestCases.Post_Page"/>
</testsuite> <!-- Test -->
